Using pre-set license
Built from '2020.3/staging' branch; Version is '2020.3.4f1 (0abb6314276a) revision 703331'; Using compiler version '192528614'; Build Type 'Release'
OS: 'Windows 10 Pro; OS build 19042.985; Version 2009; 64bit' Language: 'en' Physical Memory: 16310 MB
BatchMode: 1, IsHumanControllingUs: 0, StartBugReporterOnCrash: 0, Is64bit: 1, IsPro: 0

 COMMAND LINE ARGUMENTS:
G:\UnityEditors\2020.3.4f1\Editor\Unity.exe
-adb2
-batchMode
-noUpm
-name
AssetImportWorker0
-projectPath
G:/Work/PersonalWork/arcade-galaxy
-logFile
Logs/AssetImportWorker0.log
-srvPort
62854
Successfully changed project path to: G:/Work/PersonalWork/arcade-galaxy
G:/Work/PersonalWork/arcade-galaxy
Using Asset Import Pipeline V2.
Refreshing native plugins compatible for Editor in 44.61 ms, found 1 plugins.
Preloading 0 native plugins for Editor in 0.00 ms.
Initialize engine version: 2020.3.4f1 (0abb6314276a)
[Subsystems] Discovering subsystems at path G:/UnityEditors/2020.3.4f1/Editor/Data/Resources/UnitySubsystems
[Subsystems] Discovering subsystems at path G:/Work/PersonalWork/arcade-galaxy/Assets
GfxDevice: creating device client; threaded=0
Direct3D:
    Version:  Direct3D 11.0 [level 11.1]
    Renderer: NVIDIA GeForce RTX 2060 (ID=0x1f08)
    Vendor:   
    VRAM:     5980 MB
    Driver:   27.21.14.6627
Initialize mono
Mono path[0] = 'G:/UnityEditors/2020.3.4f1/Editor/Data/Managed'
Mono path[1] = 'G:/UnityEditors/2020.3.4f1/Editor/Data/MonoBleedingEdge/lib/mono/unityjit'
Mono config path = 'G:/UnityEditors/2020.3.4f1/Editor/Data/MonoBleedingEdge/etc'
Using monoOptions --debugger-agent=transport=dt_socket,embedding=1,server=y,suspend=n,address=127.0.0.1:56180
Begin MonoManager ReloadAssembly
Registering precompiled unity dll's ...
Register platform support module: G:/UnityEditors/2020.3.4f1/Editor/Data/PlaybackEngines/WindowsStandaloneSupport/UnityEditor.WindowsStandalone.Extensions.dll
Registered in 0.001731 seconds.
Native extension for WindowsStandalone target not found
Refreshing native plugins compatible for Editor in 39.61 ms, found 1 plugins.
Preloading 0 native plugins for Editor in 0.00 ms.
Mono: successfully reloaded assembly
- Completed reload, in  3.049 seconds
Platform modules already initialized, skipping
Registering precompiled user dll's ...
Registered in 0.002099 seconds.
Begin MonoManager ReloadAssembly
Native extension for WindowsStandalone target not found
Refreshing native plugins compatible for Editor in 42.54 ms, found 1 plugins.
Preloading 0 native plugins for Editor in 0.00 ms.
Mono: successfully reloaded assembly
- Completed reload, in  1.084 seconds
Platform modules already initialized, skipping
========================================================================
Worker process is ready to serve import requests
Launched and connected shader compiler UnityShaderCompiler.exe after 0.04 seconds
Refreshing native plugins compatible for Editor in 0.42 ms, found 1 plugins.
Preloading 0 native plugins for Editor in 0.00 ms.
Unloading 1820 Unused Serialized files (Serialized files now loaded: 0)
System memory in use before: 85.5 MB.
System memory in use after: 85.4 MB.

Unloading 26 unused Assets to reduce memory usage. Loaded Objects now: 2267.
Total: 2.498500 ms (FindLiveObjects: 0.413300 ms CreateObjectMapping: 0.078800 ms MarkObjects: 1.837300 ms  DeleteObjects: 0.167400 ms)

========================================================================
Received Import Request.
  path: Assets/arcade-galaxy/Scripts/Player/Character.cs
  artifactKey: Guid(9e10c89e6ff63da4bb2647f47b56cc05) Importer(815301076,1909f56bfc062723c751e8b465ee728b)
Start importing Assets/arcade-galaxy/Scripts/Player/Character.cs using Guid(9e10c89e6ff63da4bb2647f47b56cc05) Importer(815301076,1909f56bfc062723c751e8b465ee728b)  -> (artifact id: '304c6651fe3d86de36c4843a33d90f77') in 0.050672 seconds
  Import took 0.054227 seconds .

========================================================================
Received Prepare
Registering precompiled user dll's ...
Registered in 0.003510 seconds.
Begin MonoManager ReloadAssembly
Native extension for WindowsStandalone target not found
Refreshing native plugins compatible for Editor in 0.65 ms, found 1 plugins.
Preloading 0 native plugins for Editor in 0.00 ms.
Mono: successfully reloaded assembly
- Completed reload, in  1.358 seconds
Platform modules already initialized, skipping
Refreshing native plugins compatible for Editor in 1.85 ms, found 1 plugins.
Preloading 0 native plugins for Editor in 0.00 ms.
Unloading 1815 Unused Serialized files (Serialized files now loaded: 0)
System memory in use before: 85.4 MB.
System memory in use after: 85.4 MB.

Unloading 14 unused Assets to reduce memory usage. Loaded Objects now: 2271.
Total: 5.214000 ms (FindLiveObjects: 0.482600 ms CreateObjectMapping: 0.125200 ms MarkObjects: 4.439600 ms  DeleteObjects: 0.164800 ms)

========================================================================
Received Prepare
Registering precompiled user dll's ...
Registered in 0.054025 seconds.
Begin MonoManager ReloadAssembly
Native extension for WindowsStandalone target not found
Refreshing native plugins compatible for Editor in 0.39 ms, found 1 plugins.
Preloading 0 native plugins for Editor in 0.00 ms.
Mono: successfully reloaded assembly
- Completed reload, in  0.874 seconds
Platform modules already initialized, skipping
Refreshing native plugins compatible for Editor in 0.39 ms, found 1 plugins.
Preloading 0 native plugins for Editor in 0.00 ms.
Unloading 1815 Unused Serialized files (Serialized files now loaded: 0)
System memory in use before: 85.5 MB.
System memory in use after: 85.5 MB.

Unloading 14 unused Assets to reduce memory usage. Loaded Objects now: 2275.
Total: 2.223700 ms (FindLiveObjects: 0.375500 ms CreateObjectMapping: 0.050100 ms MarkObjects: 1.678700 ms  DeleteObjects: 0.117800 ms)

========================================================================
Received Import Request.
  Time since last request: 495.591257 seconds.
  path: Assets/arcade-galaxy/Scripts/Player/Character.cs
  artifactKey: Guid(9e10c89e6ff63da4bb2647f47b56cc05) Importer(815301076,1909f56bfc062723c751e8b465ee728b)
Start importing Assets/arcade-galaxy/Scripts/Player/Character.cs using Guid(9e10c89e6ff63da4bb2647f47b56cc05) Importer(815301076,1909f56bfc062723c751e8b465ee728b)  -> (artifact id: '5ae6f2b4be3cfb64f873531467a84d7b') in 0.010317 seconds
  Import took 0.013434 seconds .

========================================================================
Received Prepare
Registering precompiled user dll's ...
Registered in 0.002161 seconds.
Begin MonoManager ReloadAssembly
Native extension for WindowsStandalone target not found
Refreshing native plugins compatible for Editor in 0.71 ms, found 1 plugins.
Preloading 0 native plugins for Editor in 0.00 ms.
Mono: successfully reloaded assembly
- Completed reload, in  0.945 seconds
Platform modules already initialized, skipping
Refreshing native plugins compatible for Editor in 0.39 ms, found 1 plugins.
Preloading 0 native plugins for Editor in 0.00 ms.
Unloading 1816 Unused Serialized files (Serialized files now loaded: 0)
System memory in use before: 85.5 MB.
System memory in use after: 85.5 MB.

Unloading 14 unused Assets to reduce memory usage. Loaded Objects now: 2280.
Total: 2.024300 ms (FindLiveObjects: 0.222000 ms CreateObjectMapping: 0.043200 ms MarkObjects: 1.639900 ms  DeleteObjects: 0.118000 ms)

========================================================================
Received Import Request.
  Time since last request: 214.452327 seconds.
  path: Assets/arcade-galaxy/Scripts/EnemyManager.cs
  artifactKey: Guid(330aae29c93138e4690addc53e0757ba) Importer(815301076,1909f56bfc062723c751e8b465ee728b)
Start importing Assets/arcade-galaxy/Scripts/EnemyManager.cs using Guid(330aae29c93138e4690addc53e0757ba) Importer(815301076,1909f56bfc062723c751e8b465ee728b)  -> (artifact id: '3b3d0cb59fabc7acaa4076098bffeef3') in 0.014771 seconds
  Import took 0.018358 seconds .

========================================================================
Received Prepare
Registering precompiled user dll's ...
Registered in 0.002356 seconds.
Begin MonoManager ReloadAssembly
Native extension for WindowsStandalone target not found
Refreshing native plugins compatible for Editor in 0.39 ms, found 1 plugins.
Preloading 0 native plugins for Editor in 0.00 ms.
Mono: successfully reloaded assembly
- Completed reload, in  0.909 seconds
Platform modules already initialized, skipping
Refreshing native plugins compatible for Editor in 0.40 ms, found 1 plugins.
Preloading 0 native plugins for Editor in 0.00 ms.
Unloading 1816 Unused Serialized files (Serialized files now loaded: 0)
System memory in use before: 85.5 MB.
System memory in use after: 85.5 MB.

Unloading 14 unused Assets to reduce memory usage. Loaded Objects now: 2284.
Total: 2.211700 ms (FindLiveObjects: 0.242300 ms CreateObjectMapping: 0.044200 ms MarkObjects: 1.798600 ms  DeleteObjects: 0.125100 ms)

========================================================================
Received Import Request.
  Time since last request: 7.759968 seconds.
  path: Assets/arcade-galaxy/Scripts/Managers
  artifactKey: Guid(4bc297d0559854640b30c01fff4455f2) Importer(815301076,1909f56bfc062723c751e8b465ee728b)
Start importing Assets/arcade-galaxy/Scripts/Managers using Guid(4bc297d0559854640b30c01fff4455f2) Importer(815301076,1909f56bfc062723c751e8b465ee728b)  -> (artifact id: '1b16316b900eb6e9a903b9c5818f4367') in 0.011110 seconds
  Import took 0.014217 seconds .

========================================================================
Received Prepare
Registering precompiled user dll's ...
Registered in 0.002510 seconds.
Begin MonoManager ReloadAssembly
Native extension for WindowsStandalone target not found
Refreshing native plugins compatible for Editor in 0.42 ms, found 1 plugins.
Preloading 0 native plugins for Editor in 0.00 ms.
Mono: successfully reloaded assembly
- Completed reload, in  0.925 seconds
Platform modules already initialized, skipping
Refreshing native plugins compatible for Editor in 0.39 ms, found 1 plugins.
Preloading 0 native plugins for Editor in 0.00 ms.
Unloading 1816 Unused Serialized files (Serialized files now loaded: 0)
System memory in use before: 85.5 MB.
System memory in use after: 85.5 MB.

Unloading 14 unused Assets to reduce memory usage. Loaded Objects now: 2288.
Total: 2.089600 ms (FindLiveObjects: 0.212000 ms CreateObjectMapping: 0.041900 ms MarkObjects: 1.719100 ms  DeleteObjects: 0.115600 ms)

========================================================================
Received Prepare
Registering precompiled user dll's ...
Registered in 0.002167 seconds.
Begin MonoManager ReloadAssembly
Native extension for WindowsStandalone target not found
Refreshing native plugins compatible for Editor in 0.40 ms, found 1 plugins.
Preloading 0 native plugins for Editor in 0.00 ms.
Mono: successfully reloaded assembly
- Completed reload, in  0.870 seconds
Platform modules already initialized, skipping
Refreshing native plugins compatible for Editor in 0.39 ms, found 1 plugins.
Preloading 0 native plugins for Editor in 0.00 ms.
Unloading 1816 Unused Serialized files (Serialized files now loaded: 0)
System memory in use before: 85.6 MB.
System memory in use after: 85.5 MB.

Unloading 14 unused Assets to reduce memory usage. Loaded Objects now: 2292.
Total: 2.341100 ms (FindLiveObjects: 0.295000 ms CreateObjectMapping: 0.045400 ms MarkObjects: 1.874000 ms  DeleteObjects: 0.125700 ms)

========================================================================
Received Import Request.
  Time since last request: 60.440331 seconds.
  path: Assets/arcade-galaxy/Sprites/Effects/Rocket.png
  artifactKey: Guid(1e2302002d0e15a4d93bf5597831985b) Importer(815301076,1909f56bfc062723c751e8b465ee728b)
Start importing Assets/arcade-galaxy/Sprites/Effects/Rocket.png using Guid(1e2302002d0e15a4d93bf5597831985b) Importer(815301076,1909f56bfc062723c751e8b465ee728b)  -> (artifact id: '6d0b9a65ff3543aba9ffc764cc79757d') in 0.125692 seconds
  Import took 0.129287 seconds .

========================================================================
Received Import Request.
  Time since last request: 7.185721 seconds.
  path: Assets/arcade-galaxy/Sprites/Effects/RocketFX.png
  artifactKey: Guid(1e2302002d0e15a4d93bf5597831985b) Importer(815301076,1909f56bfc062723c751e8b465ee728b)
Start importing Assets/arcade-galaxy/Sprites/Effects/RocketFX.png using Guid(1e2302002d0e15a4d93bf5597831985b) Importer(815301076,1909f56bfc062723c751e8b465ee728b)  -> (artifact id: '6c4000e5b9a97b47011014281c772426') in 0.017132 seconds
  Import took 0.020222 seconds .

========================================================================
Received Import Request.
  Time since last request: 16.898490 seconds.
  path: Assets/arcade-galaxy/Sprites/Characters/Enemy.png
  artifactKey: Guid(62e3beec9c8e46c43901ab95d56e84d4) Importer(815301076,1909f56bfc062723c751e8b465ee728b)
Start importing Assets/arcade-galaxy/Sprites/Characters/Enemy.png using Guid(62e3beec9c8e46c43901ab95d56e84d4) Importer(815301076,1909f56bfc062723c751e8b465ee728b)  -> (artifact id: '648c44fffcc7056439fa4c9062f14a3e') in 0.018401 seconds
  Import took 0.021458 seconds .

