Using pre-set license
Built from '2020.3/staging' branch; Version is '2020.3.4f1 (0abb6314276a) revision 703331'; Using compiler version '192528614'; Build Type 'Release'
OS: 'Windows 10 Pro; OS build 19042.985; Version 2009; 64bit' Language: 'en' Physical Memory: 16310 MB
BatchMode: 1, IsHumanControllingUs: 0, StartBugReporterOnCrash: 0, Is64bit: 1, IsPro: 0

 COMMAND LINE ARGUMENTS:
G:\UnityEditors\2020.3.4f1\Editor\Unity.exe
-adb2
-batchMode
-noUpm
-name
AssetImportWorker0
-projectPath
G:/Work/PersonalWork/arcade-galaxy
-logFile
Logs/AssetImportWorker0.log
-srvPort
61418
Successfully changed project path to: G:/Work/PersonalWork/arcade-galaxy
G:/Work/PersonalWork/arcade-galaxy
Using Asset Import Pipeline V2.
Refreshing native plugins compatible for Editor in 39.04 ms, found 1 plugins.
Preloading 0 native plugins for Editor in 0.00 ms.
Initialize engine version: 2020.3.4f1 (0abb6314276a)
[Subsystems] Discovering subsystems at path G:/UnityEditors/2020.3.4f1/Editor/Data/Resources/UnitySubsystems
[Subsystems] Discovering subsystems at path G:/Work/PersonalWork/arcade-galaxy/Assets
GfxDevice: creating device client; threaded=0
Direct3D:
    Version:  Direct3D 11.0 [level 11.1]
    Renderer: NVIDIA GeForce RTX 2060 (ID=0x1f08)
    Vendor:   
    VRAM:     5980 MB
    Driver:   27.21.14.6627
Invalid texture used for cursor - check importer settings or texture creation. Texture must be RGBA32, readable, have alphaIsTransparency enabled and have no mip chain.

Initialize mono
Mono path[0] = 'G:/UnityEditors/2020.3.4f1/Editor/Data/Managed'
Mono path[1] = 'G:/UnityEditors/2020.3.4f1/Editor/Data/MonoBleedingEdge/lib/mono/unityjit'
Mono config path = 'G:/UnityEditors/2020.3.4f1/Editor/Data/MonoBleedingEdge/etc'
Using monoOptions --debugger-agent=transport=dt_socket,embedding=1,server=y,suspend=n,address=127.0.0.1:56284
Begin MonoManager ReloadAssembly
Registering precompiled unity dll's ...
Register platform support module: G:/UnityEditors/2020.3.4f1/Editor/Data/PlaybackEngines/WindowsStandaloneSupport/UnityEditor.WindowsStandalone.Extensions.dll
Registered in 0.001383 seconds.
Native extension for WindowsStandalone target not found
Refreshing native plugins compatible for Editor in 39.08 ms, found 1 plugins.
Preloading 0 native plugins for Editor in 0.00 ms.
Mono: successfully reloaded assembly
- Completed reload, in  2.584 seconds
Platform modules already initialized, skipping
Registering precompiled user dll's ...
Registered in 0.002038 seconds.
Begin MonoManager ReloadAssembly
Native extension for WindowsStandalone target not found
Refreshing native plugins compatible for Editor in 37.18 ms, found 1 plugins.
Preloading 0 native plugins for Editor in 0.00 ms.
Mono: successfully reloaded assembly
- Completed reload, in  0.995 seconds
Platform modules already initialized, skipping
========================================================================
Worker process is ready to serve import requests
Launched and connected shader compiler UnityShaderCompiler.exe after 0.06 seconds
Refreshing native plugins compatible for Editor in 0.44 ms, found 1 plugins.
Preloading 0 native plugins for Editor in 0.00 ms.
Unloading 1827 Unused Serialized files (Serialized files now loaded: 0)
System memory in use before: 86.9 MB.
System memory in use after: 86.8 MB.

Unloading 26 unused Assets to reduce memory usage. Loaded Objects now: 2275.
Total: 2.792200 ms (FindLiveObjects: 0.718800 ms CreateObjectMapping: 0.061800 ms MarkObjects: 1.842200 ms  DeleteObjects: 0.168200 ms)

========================================================================
Received Import Request.
  path: Assets/arcade-galaxy/Scripts/Weapon/Weapon.cs
  artifactKey: Guid(fc3faafb9295d4147846de99170e85ed) Importer(815301076,1909f56bfc062723c751e8b465ee728b)
Start importing Assets/arcade-galaxy/Scripts/Weapon/Weapon.cs using Guid(fc3faafb9295d4147846de99170e85ed) Importer(815301076,1909f56bfc062723c751e8b465ee728b)  -> (artifact id: '18a0ea47489b4bd3dbc1dc4c580da500') in 0.043744 seconds
  Import took 0.047210 seconds .

========================================================================
Received Import Request.
  Time since last request: 14.918462 seconds.
  path: Assets/arcade-galaxy/Scripts/Weapon/Weapon.cs
  artifactKey: Guid(fc3faafb9295d4147846de99170e85ed) Importer(815301076,1909f56bfc062723c751e8b465ee728b)
Start importing Assets/arcade-galaxy/Scripts/Weapon/Weapon.cs using Guid(fc3faafb9295d4147846de99170e85ed) Importer(815301076,1909f56bfc062723c751e8b465ee728b)  -> (artifact id: '08be0300637695fbf47cc1c204208d60') in 0.002512 seconds
  Import took 0.006302 seconds .

========================================================================
Received Import Request.
  Time since last request: 21.985207 seconds.
  path: Assets/arcade-galaxy/Scripts/Weapon/Weapon.cs
  artifactKey: Guid(fc3faafb9295d4147846de99170e85ed) Importer(815301076,1909f56bfc062723c751e8b465ee728b)
Start importing Assets/arcade-galaxy/Scripts/Weapon/Weapon.cs using Guid(fc3faafb9295d4147846de99170e85ed) Importer(815301076,1909f56bfc062723c751e8b465ee728b)  -> (artifact id: '775f3a6f3fbc65950d1043c9fa96b7dc') in 0.002461 seconds
  Import took 0.005612 seconds .

========================================================================
Received Import Request.
  Time since last request: 8.627618 seconds.
  path: Assets/arcade-galaxy/Scripts/Weapon/Weapon.cs
  artifactKey: Guid(fc3faafb9295d4147846de99170e85ed) Importer(815301076,1909f56bfc062723c751e8b465ee728b)
Start importing Assets/arcade-galaxy/Scripts/Weapon/Weapon.cs using Guid(fc3faafb9295d4147846de99170e85ed) Importer(815301076,1909f56bfc062723c751e8b465ee728b)  -> (artifact id: 'd48b41c3abe967f3ee37fa6bd1bee693') in 0.002877 seconds
  Import took 0.006171 seconds .

========================================================================
Received Import Request.
  Time since last request: 16.999119 seconds.
  path: Assets/arcade-galaxy/Scripts/Weapon/Weapon.cs
  artifactKey: Guid(fc3faafb9295d4147846de99170e85ed) Importer(815301076,1909f56bfc062723c751e8b465ee728b)
Start importing Assets/arcade-galaxy/Scripts/Weapon/Weapon.cs using Guid(fc3faafb9295d4147846de99170e85ed) Importer(815301076,1909f56bfc062723c751e8b465ee728b)  -> (artifact id: '2c65d8c69eb88139f30a65bbd20c6a4b') in 0.003256 seconds
  Import took 0.006329 seconds .

========================================================================
Received Import Request.
  Time since last request: 4.020974 seconds.
  path: Assets/arcade-galaxy/Scripts/Weapon/Weapon.cs
  artifactKey: Guid(fc3faafb9295d4147846de99170e85ed) Importer(815301076,1909f56bfc062723c751e8b465ee728b)
Start importing Assets/arcade-galaxy/Scripts/Weapon/Weapon.cs using Guid(fc3faafb9295d4147846de99170e85ed) Importer(815301076,1909f56bfc062723c751e8b465ee728b)  -> (artifact id: 'c6d7a2568e98815a021ed5f2408d683a') in 0.002499 seconds
  Import took 0.005550 seconds .

========================================================================
Received Import Request.
  Time since last request: 15.722046 seconds.
  path: Assets/arcade-galaxy/Scripts/Weapon/Weapon.cs
  artifactKey: Guid(fc3faafb9295d4147846de99170e85ed) Importer(815301076,1909f56bfc062723c751e8b465ee728b)
Start importing Assets/arcade-galaxy/Scripts/Weapon/Weapon.cs using Guid(fc3faafb9295d4147846de99170e85ed) Importer(815301076,1909f56bfc062723c751e8b465ee728b)  -> (artifact id: '9bdf123e7e1b33e2105b0c6bc4b271a6') in 0.002546 seconds
  Import took 0.005861 seconds .

========================================================================
Received Import Request.
  Time since last request: 21.056349 seconds.
  path: Assets/arcade-galaxy/Scripts/Weapon/Weapon.cs
  artifactKey: Guid(fc3faafb9295d4147846de99170e85ed) Importer(815301076,1909f56bfc062723c751e8b465ee728b)
Start importing Assets/arcade-galaxy/Scripts/Weapon/Weapon.cs using Guid(fc3faafb9295d4147846de99170e85ed) Importer(815301076,1909f56bfc062723c751e8b465ee728b)  -> (artifact id: '5988428d2350533f2361f5cfb80dda9c') in 0.002471 seconds
  Import took 0.005538 seconds .

========================================================================
Received Import Request.
  Time since last request: 12.513875 seconds.
  path: Assets/arcade-galaxy/Scripts/Weapon/Weapon.cs
  artifactKey: Guid(fc3faafb9295d4147846de99170e85ed) Importer(815301076,1909f56bfc062723c751e8b465ee728b)
Start importing Assets/arcade-galaxy/Scripts/Weapon/Weapon.cs using Guid(fc3faafb9295d4147846de99170e85ed) Importer(815301076,1909f56bfc062723c751e8b465ee728b)  -> (artifact id: 'b244cbac872af18aa21cda54b6b72980') in 0.002231 seconds
  Import took 0.005095 seconds .

========================================================================
Received Import Request.
  Time since last request: 13.684882 seconds.
  path: Assets/arcade-galaxy/Scripts/Weapon/Weapon.cs
  artifactKey: Guid(fc3faafb9295d4147846de99170e85ed) Importer(815301076,1909f56bfc062723c751e8b465ee728b)
Start importing Assets/arcade-galaxy/Scripts/Weapon/Weapon.cs using Guid(fc3faafb9295d4147846de99170e85ed) Importer(815301076,1909f56bfc062723c751e8b465ee728b)  -> (artifact id: '0d18fc114b7a775daf5aefdf678e446f') in 0.002440 seconds
  Import took 0.005248 seconds .

========================================================================
Received Import Request.
  Time since last request: 7.100814 seconds.
  path: Assets/arcade-galaxy/Scripts/Weapon/Weapon.cs
  artifactKey: Guid(fc3faafb9295d4147846de99170e85ed) Importer(815301076,1909f56bfc062723c751e8b465ee728b)
Start importing Assets/arcade-galaxy/Scripts/Weapon/Weapon.cs using Guid(fc3faafb9295d4147846de99170e85ed) Importer(815301076,1909f56bfc062723c751e8b465ee728b)  -> (artifact id: 'a17e09ae6c46136437ef10ff57d8253c') in 0.002280 seconds
  Import took 0.005119 seconds .

========================================================================
Received Import Request.
  Time since last request: 4.684681 seconds.
  path: Assets/arcade-galaxy/Scripts/Weapon/Weapon.cs
  artifactKey: Guid(fc3faafb9295d4147846de99170e85ed) Importer(815301076,1909f56bfc062723c751e8b465ee728b)
Start importing Assets/arcade-galaxy/Scripts/Weapon/Weapon.cs using Guid(fc3faafb9295d4147846de99170e85ed) Importer(815301076,1909f56bfc062723c751e8b465ee728b)  -> (artifact id: 'e336d601af09cade7e88071fd2f261da') in 0.002577 seconds
  Import took 0.005583 seconds .

========================================================================
Received Import Request.
  Time since last request: 41.876768 seconds.
  path: Assets/arcade-galaxy/Scripts/Weapon/Weapon.cs
  artifactKey: Guid(fc3faafb9295d4147846de99170e85ed) Importer(815301076,1909f56bfc062723c751e8b465ee728b)
Start importing Assets/arcade-galaxy/Scripts/Weapon/Weapon.cs using Guid(fc3faafb9295d4147846de99170e85ed) Importer(815301076,1909f56bfc062723c751e8b465ee728b)  -> (artifact id: '98531b39680384dc211c2bb73f0bfdc5') in 0.002661 seconds
  Import took 0.005880 seconds .

========================================================================
Received Import Request.
  Time since last request: 255.962561 seconds.
  path: Assets/arcade-galaxy/Scripts/Weapon/Weapon.cs
  artifactKey: Guid(fc3faafb9295d4147846de99170e85ed) Importer(815301076,1909f56bfc062723c751e8b465ee728b)
Start importing Assets/arcade-galaxy/Scripts/Weapon/Weapon.cs using Guid(fc3faafb9295d4147846de99170e85ed) Importer(815301076,1909f56bfc062723c751e8b465ee728b)  -> (artifact id: 'b008facb64111dce1d2e9ab12c3832a4') in 0.002929 seconds
  Import took 0.006154 seconds .

========================================================================
Received Prepare
Registering precompiled user dll's ...
Registered in 0.002556 seconds.
Begin MonoManager ReloadAssembly
Native extension for WindowsStandalone target not found
Refreshing native plugins compatible for Editor in 1.15 ms, found 1 plugins.
Preloading 0 native plugins for Editor in 0.00 ms.
Mono: successfully reloaded assembly
- Completed reload, in  1.702 seconds
Platform modules already initialized, skipping
Refreshing native plugins compatible for Editor in 0.40 ms, found 1 plugins.
Preloading 0 native plugins for Editor in 0.00 ms.
Unloading 1821 Unused Serialized files (Serialized files now loaded: 0)
System memory in use before: 86.8 MB.
System memory in use after: 86.8 MB.

Unloading 14 unused Assets to reduce memory usage. Loaded Objects now: 2279.
Total: 2.242500 ms (FindLiveObjects: 0.234700 ms CreateObjectMapping: 0.043800 ms MarkObjects: 1.803300 ms  DeleteObjects: 0.159500 ms)

========================================================================
Received Prepare
Registering precompiled user dll's ...
Registered in 0.003302 seconds.
Begin MonoManager ReloadAssembly
Native extension for WindowsStandalone target not found
Refreshing native plugins compatible for Editor in 0.43 ms, found 1 plugins.
Preloading 0 native plugins for Editor in 0.00 ms.
Mono: successfully reloaded assembly
- Completed reload, in  1.244 seconds
Platform modules already initialized, skipping
Refreshing native plugins compatible for Editor in 0.46 ms, found 1 plugins.
Preloading 0 native plugins for Editor in 0.00 ms.
Unloading 1821 Unused Serialized files (Serialized files now loaded: 0)
System memory in use before: 86.8 MB.
System memory in use after: 86.8 MB.

Unloading 14 unused Assets to reduce memory usage. Loaded Objects now: 2283.
Total: 2.516300 ms (FindLiveObjects: 0.307400 ms CreateObjectMapping: 0.042000 ms MarkObjects: 1.952400 ms  DeleteObjects: 0.213500 ms)

========================================================================
Received Prepare
Registering precompiled user dll's ...
Registered in 0.002314 seconds.
Begin MonoManager ReloadAssembly
Native extension for WindowsStandalone target not found
Refreshing native plugins compatible for Editor in 1.17 ms, found 1 plugins.
Preloading 0 native plugins for Editor in 0.00 ms.
Mono: successfully reloaded assembly
- Completed reload, in  1.128 seconds
Platform modules already initialized, skipping
Refreshing native plugins compatible for Editor in 0.40 ms, found 1 plugins.
Preloading 0 native plugins for Editor in 0.00 ms.
Unloading 1821 Unused Serialized files (Serialized files now loaded: 0)
System memory in use before: 86.9 MB.
System memory in use after: 86.9 MB.

Unloading 14 unused Assets to reduce memory usage. Loaded Objects now: 2287.
Total: 6.258900 ms (FindLiveObjects: 0.606500 ms CreateObjectMapping: 0.053100 ms MarkObjects: 5.403600 ms  DeleteObjects: 0.191700 ms)

AssetImportWorkerClient::OnTransportError - code=2 error=End of file
